# JRE version: Java(TM) SE Runtime Environment (22.0.1+8) (build 22.0.1+8-16)
# Java VM: Java HotSpot(TM) 64-Bit Server VM (22.0.1+8-16, mixed mode, sharing, tiered, compressed oops, compressed class ptrs, g1 gc, windows-amd64)
GC Precious Log:
 CardTable entry size: 512
 Card Set container configuration: InlinePtr #cards 5 size 8 Array Of Cards #cards 12 size 40 Howl #buckets 4 coarsen threshold 1843 Howl Bitmap #cards 512 size 80 coarsen threshold 460 Card regions per heap region 1 cards per card region 2048
 CPUs: 8 total, 8 available
 Memory: 7103M
 Large Page Support: Disabled
 NUMA Support: Disabled
 Compressed Oops: Enabled (32-bit)
 Heap Region Size: 1M
 Heap Min Capacity: 8M
 Heap Initial Capacity: 112M
 Heap Max Capacity: 1776M
 Pre-touch: Disabled
 Parallel Workers: 8
 Concurrent Workers: 2
 Concurrent Refinement Workers: 8
 Periodic GC: Disabled
Heap:
 garbage-first heap   total reserved 1818624K, committed 65536K, used 40359K [0x0000000091000000, 0x0000000100000000)
  region size 1024K, 15 young (15360K), 3 survivors (3072K)
 Metaspace       used 67477K, committed 68096K, reserved 1114112K
  class space    used 9408K, committed 9664K, reserved 1048576K
GC Heap History (20 events):
Event: 7.060 GC heap before
{Heap before GC invocations=5 (full 0):
 garbage-first heap   total reserved 1818624K, committed 45056K, used 35012K [0x0000000091000000, 0x0000000100000000)
  region size 1024K, 22 young (22528K), 3 survivors (3072K)
 Metaspace       used 26762K, committed 27072K, reserved 1114112K
  class space    used 3461K, committed 3584K, reserved 1048576K
}
Event: 7.072 GC heap after
{Heap after GC invocations=6 (full 0):
 garbage-first heap   total reserved 1818624K, committed 45056K, used 16266K [0x0000000091000000, 0x0000000100000000)
  region size 1024K, 2 young (2048K), 2 survivors (2048K)
 Metaspace       used 26762K, committed 27072K, reserved 1114112K
  class space    used 3461K, committed 3584K, reserved 1048576K
}
Event: 8.340 GC heap before
{Heap before GC invocations=6 (full 0):
 garbage-first heap   total reserved 1818624K, committed 45056K, used 35722K [0x0000000091000000, 0x0000000100000000)
  region size 1024K, 21 young (21504K), 2 survivors (2048K)
 Metaspace       used 29971K, committed 30464K, reserved 1114112K
  class space    used 3960K, committed 4160K, reserved 1048576K
}
Event: 8.352 GC heap after
{Heap after GC invocations=7 (full 0):
 garbage-first heap   total reserved 1818624K, committed 45056K, used 18309K [0x0000000091000000, 0x0000000100000000)
  region size 1024K, 3 young (3072K), 3 survivors (3072K)
 Metaspace       used 29971K, committed 30464K, reserved 1114112K
  class space    used 3960K, committed 4160K, reserved 1048576K
}
Event: 9.397 GC heap before
{Heap before GC invocations=7 (full 0):
 garbage-first heap   total reserved 1818624K, committed 45056K, used 36741K [0x0000000091000000, 0x0000000100000000)
  region size 1024K, 21 young (21504K), 3 survivors (3072K)
 Metaspace       used 35210K, committed 35648K, reserved 1114112K
  class space    used 4740K, committed 4928K, reserved 1048576K
}
Event: 9.409 GC heap after
{Heap after GC invocations=8 (full 0):
 garbage-first heap   total reserved 1818624K, committed 45056K, used 19456K [0x0000000091000000, 0x0000000100000000)
  region size 1024K, 1 young (1024K), 1 survivors (1024K)
 Metaspace       used 35210K, committed 35648K, reserved 1114112K
  class space    used 4740K, committed 4928K, reserved 1048576K
}
Event: 9.472 GC heap before
{Heap before GC invocations=8 (full 0):
 garbage-first heap   total reserved 1818624K, committed 45056K, used 20480K [0x0000000091000000, 0x0000000100000000)
  region size 1024K, 3 young (3072K), 1 survivors (1024K)
 Metaspace       used 35556K, committed 35968K, reserved 1114112K
  class space    used 4812K, committed 4992K, reserved 1048576K
}
Event: 9.476 GC heap after
{Heap after GC invocations=9 (full 0):
 garbage-first heap   total reserved 1818624K, committed 45056K, used 19595K [0x0000000091000000, 0x0000000100000000)
  region size 1024K, 2 young (2048K), 2 survivors (2048K)
 Metaspace       used 35556K, committed 35968K, reserved 1114112K
  class space    used 4812K, committed 4992K, reserved 1048576K
}
Event: 10.985 GC heap before
{Heap before GC invocations=10 (full 0):
 garbage-first heap   total reserved 1818624K, committed 45056K, used 38027K [0x0000000091000000, 0x0000000100000000)
  region size 1024K, 20 young (20480K), 2 survivors (2048K)
 Metaspace       used 43932K, committed 44416K, reserved 1114112K
  class space    used 5876K, committed 6080K, reserved 1048576K
}
Event: 10.994 GC heap after
{Heap after GC invocations=11 (full 0):
 garbage-first heap   total reserved 1818624K, committed 54272K, used 21504K [0x0000000091000000, 0x0000000100000000)
  region size 1024K, 3 young (3072K), 3 survivors (3072K)
 Metaspace       used 43932K, committed 44416K, reserved 1114112K
  class space    used 5876K, committed 6080K, reserved 1048576K
}
Event: 11.887 GC heap before
{Heap before GC invocations=11 (full 0):
 garbage-first heap   total reserved 1818624K, committed 54272K, used 45056K [0x0000000091000000, 0x0000000100000000)
  region size 1024K, 27 young (27648K), 3 survivors (3072K)
 Metaspace       used 49642K, committed 50176K, reserved 1114112K
  class space    used 6619K, committed 6848K, reserved 1048576K
}
Event: 11.899 GC heap after
{Heap after GC invocations=12 (full 0):
 garbage-first heap   total reserved 1818624K, committed 54272K, used 22691K [0x0000000091000000, 0x0000000100000000)
  region size 1024K, 4 young (4096K), 4 survivors (4096K)
 Metaspace       used 49642K, committed 50176K, reserved 1114112K
  class space    used 6619K, committed 6848K, reserved 1048576K
}
Event: 12.958 GC heap before
{Heap before GC invocations=12 (full 0):
 garbage-first heap   total reserved 1818624K, committed 54272K, used 44195K [0x0000000091000000, 0x0000000100000000)
  region size 1024K, 26 young (26624K), 4 survivors (4096K)
 Metaspace       used 56929K, committed 57472K, reserved 1114112K
  class space    used 7835K, committed 8064K, reserved 1048576K
}
Event: 12.971 GC heap after
{Heap after GC invocations=13 (full 0):
 garbage-first heap   total reserved 1818624K, committed 54272K, used 23804K [0x0000000091000000, 0x0000000100000000)
  region size 1024K, 3 young (3072K), 3 survivors (3072K)
 Metaspace       used 56929K, committed 57472K, reserved 1114112K
  class space    used 7835K, committed 8064K, reserved 1048576K
}
Event: 13.466 GC heap before
{Heap before GC invocations=13 (full 0):
 garbage-first heap   total reserved 1818624K, committed 54272K, used 35068K [0x0000000091000000, 0x0000000100000000)
  region size 1024K, 16 young (16384K), 3 survivors (3072K)
 Metaspace       used 59774K, committed 60288K, reserved 1114112K
  class space    used 8157K, committed 8384K, reserved 1048576K
}
Event: 13.478 GC heap after
{Heap after GC invocations=14 (full 0):
 garbage-first heap   total reserved 1818624K, committed 54272K, used 25018K [0x0000000091000000, 0x0000000100000000)
  region size 1024K, 3 young (3072K), 3 survivors (3072K)
 Metaspace       used 59774K, committed 60288K, reserved 1114112K
  class space    used 8157K, committed 8384K, reserved 1048576K
}
Event: 14.309 GC heap before
{Heap before GC invocations=15 (full 0):
 garbage-first heap   total reserved 1818624K, committed 54272K, used 45498K [0x0000000091000000, 0x0000000100000000)
  region size 1024K, 23 young (23552K), 3 survivors (3072K)
 Metaspace       used 63118K, committed 63680K, reserved 1114112K
  class space    used 8750K, committed 8960K, reserved 1048576K
}
Event: 14.326 GC heap after
{Heap after GC invocations=16 (full 0):
 garbage-first heap   total reserved 1818624K, committed 54272K, used 26949K [0x0000000091000000, 0x0000000100000000)
  region size 1024K, 3 young (3072K), 3 survivors (3072K)
 Metaspace       used 63118K, committed 63680K, reserved 1114112K
  class space    used 8750K, committed 8960K, reserved 1048576K
}
Event: 15.019 GC heap before
{Heap before GC invocations=16 (full 0):
 garbage-first heap   total reserved 1818624K, committed 54272K, used 46405K [0x0000000091000000, 0x0000000100000000)
  region size 1024K, 22 young (22528K), 3 survivors (3072K)
 Metaspace       used 65694K, committed 66368K, reserved 1114112K
  class space    used 9153K, committed 9472K, reserved 1048576K
}
Event: 15.037 GC heap after
{Heap after GC invocations=17 (full 0):
 garbage-first heap   total reserved 1818624K, committed 65536K, used 29095K [0x0000000091000000, 0x0000000100000000)
  region size 1024K, 3 young (3072K), 3 survivors (3072K)
 Metaspace       used 65694K, committed 66368K, reserved 1114112K
  class space    used 9153K, committed 9472K, reserved 1048576K
}

